<?xml version="1.0" encoding="UTF-8"?>
<!-- Generated by org.testng.reporters.JUnitXMLReporter -->
<testsuite hostname="LAPTOP-N82K1P1R" ignored="0" name="Test" tests="2" failures="1" timestamp="2021-04-11T20:01:50 IST" time="36.484" errors="0">
  <testcase name="checkValidUser" time="36.437" classname="com.enrollment.testcase.VerifyLogin"/>
  <testcase name="performWelcome" time="0.003" classname="com.enrollment.testcase.PerformWelcome">
    <failure type="java.lang.NullPointerException">
      <![CDATA[java.lang.NullPointerException
at org.openqa.selenium.support.pagefactory.DefaultElementLocator.findElement(DefaultElementLocator.java:70)
at org.openqa.selenium.support.pagefactory.internal.LocatingElementHandler.invoke(LocatingElementHandler.java:39)
at com.sun.proxy.$Proxy12.click(Unknown Source)
at com.enrollment.pages.Renewal.Welcome.welcome(Welcome.java:14)
at com.enrollment.testcase.PerformWelcome.performWelcome(PerformWelcome.java:27)
at java.util.ArrayList.forEach(Unknown Source)
... Removed 27 stack frames]]>
    </failure>
  </testcase> <!-- performWelcome -->
</testsuite> <!-- Test -->
